<?xml version="1.0" encoding="UTF-8"?>
<testsuite xmlns:xsi="http://www.w3.org/2001/XMLSchema-instance" xsi:noNamespaceSchemaLocation="https://maven.apache.org/surefire/maven-surefire-plugin/xsd/surefire-test-report-3.0.xsd" version="3.0" name="TestSuite" time="12.99" tests="1" errors="0" skipped="0" failures="0">
  <properties>
    <property name="sun.desktop" value="windows"/>
    <property name="awt.toolkit" value="sun.awt.windows.WToolkit"/>
    <property name="java.specification.version" value="11"/>
    <property name="webdriver.chrome.driver" value="C:\Users\clare\OneDrive\Desktop\Selenium\chromedriver.exe"/>
    <property name="sun.cpu.isalist" value="amd64"/>
    <property name="sun.jnu.encoding" value="Cp1252"/>
    <property name="java.class.path" value="C:\SeleniumWorkspace\jenkins\target\test-classes;C:\SeleniumWorkspace\jenkins\target\classes;C:\Users\clare\.m2\repository\org\testng\testng\6.9.9\testng-6.9.9.jar;C:\Users\clare\.m2\repository\junit\junit\4.10\junit-4.10.jar;C:\Users\clare\.m2\repository\org\hamcrest\hamcrest-core\1.1\hamcrest-core-1.1.jar;C:\Users\clare\.m2\repository\com\beust\jcommander\1.48\jcommander-1.48.jar;C:\Users\clare\.m2\repository\org\apache\ant\ant\1.7.0\ant-1.7.0.jar;C:\Users\clare\.m2\repository\org\apache\ant\ant-launcher\1.7.0\ant-launcher-1.7.0.jar;C:\Users\clare\.m2\repository\org\yaml\snakeyaml\1.15\snakeyaml-1.15.jar;C:\Users\clare\.m2\repository\org\beanshell\bsh\2.0b4\bsh-2.0b4.jar;C:\Users\clare\.m2\repository\org\seleniumhq\selenium\selenium-java\2.53.1\selenium-java-2.53.1.jar;C:\Users\clare\.m2\repository\org\seleniumhq\selenium\selenium-chrome-driver\2.53.1\selenium-chrome-driver-2.53.1.jar;C:\Users\clare\.m2\repository\org\seleniumhq\selenium\selenium-remote-driver\2.53.1\selenium-remote-driver-2.53.1.jar;C:\Users\clare\.m2\repository\cglib\cglib-nodep\2.1_3\cglib-nodep-2.1_3.jar;C:\Users\clare\.m2\repository\com\google\code\gson\gson\2.3.1\gson-2.3.1.jar;C:\Users\clare\.m2\repository\org\seleniumhq\selenium\selenium-api\2.53.1\selenium-api-2.53.1.jar;C:\Users\clare\.m2\repository\org\apache\httpcomponents\httpclient\4.5.1\httpclient-4.5.1.jar;C:\Users\clare\.m2\repository\org\apache\httpcomponents\httpcore\4.4.3\httpcore-4.4.3.jar;C:\Users\clare\.m2\repository\com\google\guava\guava\19.0\guava-19.0.jar;C:\Users\clare\.m2\repository\org\seleniumhq\selenium\selenium-edge-driver\2.53.1\selenium-edge-driver-2.53.1.jar;C:\Users\clare\.m2\repository\commons-io\commons-io\2.4\commons-io-2.4.jar;C:\Users\clare\.m2\repository\org\apache\commons\commons-exec\1.3\commons-exec-1.3.jar;C:\Users\clare\.m2\repository\org\seleniumhq\selenium\htmlunit-driver\2.21\htmlunit-driver-2.21.jar;C:\Users\clare\.m2\repository\net\sourceforge\htmlunit\htmlunit\2.21\htmlunit-2.21.jar;C:\Users\clare\.m2\repository\xalan\xalan\2.7.2\xalan-2.7.2.jar;C:\Users\clare\.m2\repository\xalan\serializer\2.7.2\serializer-2.7.2.jar;C:\Users\clare\.m2\repository\org\apache\commons\commons-lang3\3.4\commons-lang3-3.4.jar;C:\Users\clare\.m2\repository\org\apache\httpcomponents\httpmime\4.5.2\httpmime-4.5.2.jar;C:\Users\clare\.m2\repository\net\sourceforge\htmlunit\htmlunit-core-js\2.17\htmlunit-core-js-2.17.jar;C:\Users\clare\.m2\repository\net\sourceforge\htmlunit\neko-htmlunit\2.21\neko-htmlunit-2.21.jar;C:\Users\clare\.m2\repository\xerces\xercesImpl\2.11.0\xercesImpl-2.11.0.jar;C:\Users\clare\.m2\repository\xml-apis\xml-apis\1.4.01\xml-apis-1.4.01.jar;C:\Users\clare\.m2\repository\net\sourceforge\cssparser\cssparser\0.9.18\cssparser-0.9.18.jar;C:\Users\clare\.m2\repository\org\w3c\css\sac\1.3\sac-1.3.jar;C:\Users\clare\.m2\repository\commons-logging\commons-logging\1.2\commons-logging-1.2.jar;C:\Users\clare\.m2\repository\org\eclipse\jetty\websocket\websocket-client\9.2.15.v20160210\websocket-client-9.2.15.v20160210.jar;C:\Users\clare\.m2\repository\org\eclipse\jetty\jetty-util\9.2.15.v20160210\jetty-util-9.2.15.v20160210.jar;C:\Users\clare\.m2\repository\org\eclipse\jetty\jetty-io\9.2.15.v20160210\jetty-io-9.2.15.v20160210.jar;C:\Users\clare\.m2\repository\org\eclipse\jetty\websocket\websocket-common\9.2.15.v20160210\websocket-common-9.2.15.v20160210.jar;C:\Users\clare\.m2\repository\org\eclipse\jetty\websocket\websocket-api\9.2.15.v20160210\websocket-api-9.2.15.v20160210.jar;C:\Users\clare\.m2\repository\commons-collections\commons-collections\3.2.2\commons-collections-3.2.2.jar;C:\Users\clare\.m2\repository\org\seleniumhq\selenium\selenium-firefox-driver\2.53.1\selenium-firefox-driver-2.53.1.jar;C:\Users\clare\.m2\repository\org\seleniumhq\selenium\selenium-ie-driver\2.53.1\selenium-ie-driver-2.53.1.jar;C:\Users\clare\.m2\repository\net\java\dev\jna\jna\4.1.0\jna-4.1.0.jar;C:\Users\clare\.m2\repository\net\java\dev\jna\jna-platform\4.1.0\jna-platform-4.1.0.jar;C:\Users\clare\.m2\repository\org\seleniumhq\selenium\selenium-safari-driver\2.53.1\selenium-safari-driver-2.53.1.jar;C:\Users\clare\.m2\repository\io\netty\netty\3.5.7.Final\netty-3.5.7.Final.jar;C:\Users\clare\.m2\repository\org\seleniumhq\selenium\selenium-support\2.53.1\selenium-support-2.53.1.jar;C:\Users\clare\.m2\repository\org\seleniumhq\selenium\selenium-leg-rc\2.53.1\selenium-leg-rc-2.53.1.jar;C:\Users\clare\.m2\repository\org\apache\poi\poi-ooxml\4.1.1\poi-ooxml-4.1.1.jar;C:\Users\clare\.m2\repository\org\apache\poi\poi\4.1.1\poi-4.1.1.jar;C:\Users\clare\.m2\repository\commons-codec\commons-codec\1.13\commons-codec-1.13.jar;C:\Users\clare\.m2\repository\org\apache\commons\commons-collections4\4.4\commons-collections4-4.4.jar;C:\Users\clare\.m2\repository\org\apache\commons\commons-math3\3.6.1\commons-math3-3.6.1.jar;C:\Users\clare\.m2\repository\org\apache\poi\poi-ooxml-schemas\4.1.1\poi-ooxml-schemas-4.1.1.jar;C:\Users\clare\.m2\repository\org\apache\xmlbeans\xmlbeans\3.1.0\xmlbeans-3.1.0.jar;C:\Users\clare\.m2\repository\org\apache\commons\commons-compress\1.19\commons-compress-1.19.jar;C:\Users\clare\.m2\repository\com\github\virtuald\curvesapi\1.06\curvesapi-1.06.jar;"/>
    <property name="java.vm.vendor" value="Oracle Corporation"/>
    <property name="sun.arch.data.model" value="64"/>
    <property name="user.variant" value=""/>
    <property name="java.vendor.url" value="https://openjdk.java.net/"/>
    <property name="user.timezone" value="Europe/London"/>
    <property name="java.vm.specification.version" value="11"/>
    <property name="os.name" value="Windows 10"/>
    <property name="sun.java.launcher" value="SUN_STANDARD"/>
    <property name="user.country" value="GB"/>
    <property name="sun.boot.library.path" value="C:\Program Files\Java\jdk-11.0.13\bin"/>
    <property name="sun.java.command" value="C:\Users\clare\AppData\Local\Temp\surefire18535602221704560\surefirebooter5665261762596005333.jar C:\Users\clare\AppData\Local\Temp\surefire18535602221704560 2022-01-29T13-51-29_404-jvmRun1 surefire11425972226434762853tmp surefire_018283014647338298071tmp"/>
    <property name="jdk.debug" value="release"/>
    <property name="surefire.test.class.path" value="C:\SeleniumWorkspace\jenkins\target\test-classes;C:\SeleniumWorkspace\jenkins\target\classes;C:\Users\clare\.m2\repository\org\testng\testng\6.9.9\testng-6.9.9.jar;C:\Users\clare\.m2\repository\junit\junit\4.10\junit-4.10.jar;C:\Users\clare\.m2\repository\org\hamcrest\hamcrest-core\1.1\hamcrest-core-1.1.jar;C:\Users\clare\.m2\repository\com\beust\jcommander\1.48\jcommander-1.48.jar;C:\Users\clare\.m2\repository\org\apache\ant\ant\1.7.0\ant-1.7.0.jar;C:\Users\clare\.m2\repository\org\apache\ant\ant-launcher\1.7.0\ant-launcher-1.7.0.jar;C:\Users\clare\.m2\repository\org\yaml\snakeyaml\1.15\snakeyaml-1.15.jar;C:\Users\clare\.m2\repository\org\beanshell\bsh\2.0b4\bsh-2.0b4.jar;C:\Users\clare\.m2\repository\org\seleniumhq\selenium\selenium-java\2.53.1\selenium-java-2.53.1.jar;C:\Users\clare\.m2\repository\org\seleniumhq\selenium\selenium-chrome-driver\2.53.1\selenium-chrome-driver-2.53.1.jar;C:\Users\clare\.m2\repository\org\seleniumhq\selenium\selenium-remote-driver\2.53.1\selenium-remote-driver-2.53.1.jar;C:\Users\clare\.m2\repository\cglib\cglib-nodep\2.1_3\cglib-nodep-2.1_3.jar;C:\Users\clare\.m2\repository\com\google\code\gson\gson\2.3.1\gson-2.3.1.jar;C:\Users\clare\.m2\repository\org\seleniumhq\selenium\selenium-api\2.53.1\selenium-api-2.53.1.jar;C:\Users\clare\.m2\repository\org\apache\httpcomponents\httpclient\4.5.1\httpclient-4.5.1.jar;C:\Users\clare\.m2\repository\org\apache\httpcomponents\httpcore\4.4.3\httpcore-4.4.3.jar;C:\Users\clare\.m2\repository\com\google\guava\guava\19.0\guava-19.0.jar;C:\Users\clare\.m2\repository\org\seleniumhq\selenium\selenium-edge-driver\2.53.1\selenium-edge-driver-2.53.1.jar;C:\Users\clare\.m2\repository\commons-io\commons-io\2.4\commons-io-2.4.jar;C:\Users\clare\.m2\repository\org\apache\commons\commons-exec\1.3\commons-exec-1.3.jar;C:\Users\clare\.m2\repository\org\seleniumhq\selenium\htmlunit-driver\2.21\htmlunit-driver-2.21.jar;C:\Users\clare\.m2\repository\net\sourceforge\htmlunit\htmlunit\2.21\htmlunit-2.21.jar;C:\Users\clare\.m2\repository\xalan\xalan\2.7.2\xalan-2.7.2.jar;C:\Users\clare\.m2\repository\xalan\serializer\2.7.2\serializer-2.7.2.jar;C:\Users\clare\.m2\repository\org\apache\commons\commons-lang3\3.4\commons-lang3-3.4.jar;C:\Users\clare\.m2\repository\org\apache\httpcomponents\httpmime\4.5.2\httpmime-4.5.2.jar;C:\Users\clare\.m2\repository\net\sourceforge\htmlunit\htmlunit-core-js\2.17\htmlunit-core-js-2.17.jar;C:\Users\clare\.m2\repository\net\sourceforge\htmlunit\neko-htmlunit\2.21\neko-htmlunit-2.21.jar;C:\Users\clare\.m2\repository\xerces\xercesImpl\2.11.0\xercesImpl-2.11.0.jar;C:\Users\clare\.m2\repository\xml-apis\xml-apis\1.4.01\xml-apis-1.4.01.jar;C:\Users\clare\.m2\repository\net\sourceforge\cssparser\cssparser\0.9.18\cssparser-0.9.18.jar;C:\Users\clare\.m2\repository\org\w3c\css\sac\1.3\sac-1.3.jar;C:\Users\clare\.m2\repository\commons-logging\commons-logging\1.2\commons-logging-1.2.jar;C:\Users\clare\.m2\repository\org\eclipse\jetty\websocket\websocket-client\9.2.15.v20160210\websocket-client-9.2.15.v20160210.jar;C:\Users\clare\.m2\repository\org\eclipse\jetty\jetty-util\9.2.15.v20160210\jetty-util-9.2.15.v20160210.jar;C:\Users\clare\.m2\repository\org\eclipse\jetty\jetty-io\9.2.15.v20160210\jetty-io-9.2.15.v20160210.jar;C:\Users\clare\.m2\repository\org\eclipse\jetty\websocket\websocket-common\9.2.15.v20160210\websocket-common-9.2.15.v20160210.jar;C:\Users\clare\.m2\repository\org\eclipse\jetty\websocket\websocket-api\9.2.15.v20160210\websocket-api-9.2.15.v20160210.jar;C:\Users\clare\.m2\repository\commons-collections\commons-collections\3.2.2\commons-collections-3.2.2.jar;C:\Users\clare\.m2\repository\org\seleniumhq\selenium\selenium-firefox-driver\2.53.1\selenium-firefox-driver-2.53.1.jar;C:\Users\clare\.m2\repository\org\seleniumhq\selenium\selenium-ie-driver\2.53.1\selenium-ie-driver-2.53.1.jar;C:\Users\clare\.m2\repository\net\java\dev\jna\jna\4.1.0\jna-4.1.0.jar;C:\Users\clare\.m2\repository\net\java\dev\jna\jna-platform\4.1.0\jna-platform-4.1.0.jar;C:\Users\clare\.m2\repository\org\seleniumhq\selenium\selenium-safari-driver\2.53.1\selenium-safari-driver-2.53.1.jar;C:\Users\clare\.m2\repository\io\netty\netty\3.5.7.Final\netty-3.5.7.Final.jar;C:\Users\clare\.m2\repository\org\seleniumhq\selenium\selenium-support\2.53.1\selenium-support-2.53.1.jar;C:\Users\clare\.m2\repository\org\seleniumhq\selenium\selenium-leg-rc\2.53.1\selenium-leg-rc-2.53.1.jar;C:\Users\clare\.m2\repository\org\apache\poi\poi-ooxml\4.1.1\poi-ooxml-4.1.1.jar;C:\Users\clare\.m2\repository\org\apache\poi\poi\4.1.1\poi-4.1.1.jar;C:\Users\clare\.m2\repository\commons-codec\commons-codec\1.13\commons-codec-1.13.jar;C:\Users\clare\.m2\repository\org\apache\commons\commons-collections4\4.4\commons-collections4-4.4.jar;C:\Users\clare\.m2\repository\org\apache\commons\commons-math3\3.6.1\commons-math3-3.6.1.jar;C:\Users\clare\.m2\repository\org\apache\poi\poi-ooxml-schemas\4.1.1\poi-ooxml-schemas-4.1.1.jar;C:\Users\clare\.m2\repository\org\apache\xmlbeans\xmlbeans\3.1.0\xmlbeans-3.1.0.jar;C:\Users\clare\.m2\repository\org\apache\commons\commons-compress\1.19\commons-compress-1.19.jar;C:\Users\clare\.m2\repository\com\github\virtuald\curvesapi\1.06\curvesapi-1.06.jar;"/>
    <property name="sun.cpu.endian" value="little"/>
    <property name="user.home" value="C:\Users\clare"/>
    <property name="user.language" value="en"/>
    <property name="java.specification.vendor" value="Oracle Corporation"/>
    <property name="java.version.date" value="2021-10-19"/>
    <property name="java.home" value="C:\Program Files\Java\jdk-11.0.13"/>
    <property name="file.separator" value="\"/>
    <property name="basedir" value="C:\SeleniumWorkspace\jenkins"/>
    <property name="java.vm.compressedOopsMode" value="32-bit"/>
    <property name="line.separator" value="&#10;"/>
    <property name="java.specification.name" value="Java Platform API Specification"/>
    <property name="java.vm.specification.vendor" value="Oracle Corporation"/>
    <property name="java.awt.graphicsenv" value="sun.awt.Win32GraphicsEnvironment"/>
    <property name="surefire.real.class.path" value="C:\Users\clare\AppData\Local\Temp\surefire18535602221704560\surefirebooter5665261762596005333.jar"/>
    <property name="user.script" value=""/>
    <property name="sun.management.compiler" value="HotSpot 64-Bit Tiered Compilers"/>
    <property name="java.runtime.version" value="11.0.13+10-LTS-370"/>
    <property name="user.name" value="clare"/>
    <property name="path.separator" value=";"/>
    <property name="os.version" value="10.0"/>
    <property name="java.runtime.name" value="Java(TM) SE Runtime Environment"/>
    <property name="file.encoding" value="Cp1252"/>
    <property name="jnidispatch.path" value="C:\Users\clare\AppData\Local\Temp\jna-94742859\jna6410853936548130853.dll"/>
    <property name="java.vm.name" value="Java HotSpot(TM) 64-Bit Server VM"/>
    <property name="java.vendor.version" value="18.9"/>
    <property name="localRepository" value="C:\Users\clare\.m2\repository"/>
    <property name="java.vendor.url.bug" value="https://bugreport.java.com/bugreport/"/>
    <property name="java.io.tmpdir" value="C:\Users\clare\AppData\Local\Temp\"/>
    <property name="java.version" value="11.0.13"/>
    <property name="user.dir" value="C:\SeleniumWorkspace\jenkins"/>
    <property name="os.arch" value="amd64"/>
    <property name="java.vm.specification.name" value="Java Virtual Machine Specification"/>
    <property name="java.awt.printerjob" value="sun.awt.windows.WPrinterJob"/>
    <property name="sun.os.patch.level" value=""/>
    <property name="java.library.path" value="C:\Program Files\Java\jdk-11.0.13\bin;C:\WINDOWS\Sun\Java\bin;C:\WINDOWS\system32;C:\WINDOWS;C:/Program Files/Java/jdk-11.0.13/bin/server;C:/Program Files/Java/jdk-11.0.13/bin;C:\Program Files\Common Files\Oracle\Java\javapath;C:\Program Files (x86)\Common Files\Oracle\Java\javapath;C:\WINDOWS\system32;C:\WINDOWS;C:\WINDOWS\System32\Wbem;C:\WINDOWS\System32\WindowsPowerShell\v1.0\;C:\WINDOWS\System32\OpenSSH\;C:\Program Files\Java\jdk1.8.0_301\bin;C:\Program Files\MySQL\MySQL Server 8.0\bin;C:\Users\clare\OneDrive\Desktop\Selenium\chromedriver92.exe;C:\Program Files\Java\jdk1.8.0_301\bin;C:\Users\clare\Downloads\apache-maven-3.8.4\bin;C:\Program Files\Git\cmd;C:\Users\clare\scoop\shims;C:\Users\clare\AppData\Local\Microsoft\WindowsApps;C:\Program Files\apache-maven-3.8.4\bin;C:\Program Files\Java\jdk1.8.0_301\bin;;C:\Users\clare\AppData\Local\Programs\Microsoft VS Code\bin;C:\WINDOWS\System32;;."/>
    <property name="java.vendor" value="Oracle Corporation"/>
    <property name="java.vm.info" value="mixed mode"/>
    <property name="java.vm.version" value="11.0.13+10-LTS-370"/>
    <property name="sun.io.unicode.encoding" value="UnicodeLittle"/>
    <property name="java.class.version" value="55.0"/>
  </properties>
  <testcase name="f" classname="testcases.TC002" time="12.506">
    <system-err><![CDATA[Starting ChromeDriver 96.0.4664.45 (76e4c1bb2ab4671b8beba3444e61c0f17584b2fc-refs/branch-heads/4664@{#947}) on port 10606
Only local connections are allowed.
Please see https://chromedriver.chromium.org/security-considerations for suggestions on keeping ChromeDriver safe.
ChromeDriver was started successfully.
[1643464292.451][WARNING]: This version of ChromeDriver has not been tested with Chrome version 97.
]]></system-err>
  </testcase>
</testsuite>