<?xml version="1.0" encoding="UTF-8"?>
<!-- Generated by org.testng.reporters.JUnitReportReporter -->
<testsuite hostname="LAPTOP-35B7MCU5" failures="0" tests="1" name="testcases.TC002" time="12.483" errors="0" timestamp="29 Jan 2022 13:51:43 GMT">
  <testcase classname="testcases.TC002" name="f" time="12.483"/>
</testsuite> <!-- testcases.TC002 -->
